【登录信息】
*31ac18bfe256cc8fca8f83c12c2ca5bd*
`登陆天数: 7天 / 644天
等级: 130
石头: 4007
呼符: 219
体力: 13909.293333333333 / 138
友情点: 0 / 468880`
*連続ログイン7日間到達おめでとうございます！
明日は1日目からリスタートされます。*
`獣の足跡 X 1
呼符 X 1
5月交換券(2024) X 1
`*カルデア・サマーアドベンチャー！ アンケート復刻版 開幕記念 ログインボーナス*
*開催期間中、1日1回 最大21回 ログインボーナスをプレゼント！*
`白銀の果実 X 1
`_2024-05-30 07:15:10_
--------
*e4265a4095a5863d590c4bb002c3b0f2*
`登陆天数: 7天 / 645天
等级: 130
石头: 4018
呼符: 25
体力: 13909.316666666668 / 138
友情点: 0 / 466430`
*連続ログイン7日間到達おめでとうございます！
明日は1日目からリスタートされます。*
`獣の足跡 X 1
呼符 X 1
5月交換券(2024) X 1
`*カルデア・サマーアドベンチャー！ アンケート復刻版 開幕記念 ログインボーナス*
*開催期間中、1日1回 最大21回 ログインボーナスをプレゼント！*
`白銀の果実 X 1
`_2024-05-30 07:15:17_
--------
*c5099ce696cf7d31ce07216e4225b8b9*
`登陆天数: 7天 / 644天
等级: 130
石头: 4008
呼符: 315
体力: 13909.346666666666 / 138
友情点: 0 / 468155`
*連続ログイン7日間到達おめでとうございます！
明日は1日目からリスタートされます。*
`獣の足跡 X 1
呼符 X 1
5月交換券(2024) X 1
`*カルデア・サマーアドベンチャー！ アンケート復刻版 開幕記念 ログインボーナス*
*開催期間中、1日1回 最大21回 ログインボーナスをプレゼント！*
`白銀の果実 X 1
`_2024-05-30 07:15:25_
--------
*0a2d4bd16a590a5f73bd6b95324f2853*
`登陆天数: 7天 / 644天
等级: 130
石头: 4001
呼符: 304
体力: 13909.373333333333 / 138
友情点: 0 / 469210`
*連続ログイン7日間到達おめでとうございます！
明日は1日目からリスタートされます。*
`獣の足跡 X 1
呼符 X 1
5月交換券(2024) X 1
`*カルデア・サマーアドベンチャー！ アンケート復刻版 開幕記念 ログインボーナス*
*開催期間中、1日1回 最大21回 ログインボーナスをプレゼント！*
`白銀の果実 X 1
`_2024-05-30 07:15:33_
--------
*fec781dbff077368b5f3ecac372a969f*
`登陆天数: 7天 / 644天
等级: 130
石头: 4012
呼符: 269
体力: 13909.396666666667 / 138
友情点: 0 / 467960`
*連続ログイン7日間到達おめでとうございます！
明日は1日目からリスタートされます。*
`獣の足跡 X 1
呼符 X 1
5月交換券(2024) X 1
`*カルデア・サマーアドベンチャー！ アンケート復刻版 開幕記念 ログインボーナス*
*開催期間中、1日1回 最大21回 ログインボーナスをプレゼント！*
`白銀の果実 X 1
`_2024-05-30 07:15:41_
--------
*cd2436e1f44a3cfe90db81460559f215*
`登陆天数: 7天 / 644天
等级: 130
石头: 3979
呼符: 203
体力: 13909.42 / 138
友情点: 0 / 469110`
*連続ログイン7日間到達おめでとうございます！
明日は1日目からリスタートされます。*
`獣の足跡 X 1
呼符 X 1
5月交換券(2024) X 1
`*カルデア・サマーアドベンチャー！ アンケート復刻版 開幕記念 ログインボーナス*
*開催期間中、1日1回 最大21回 ログインボーナスをプレゼント！*
`白銀の果実 X 1
`_2024-05-30 07:15:49_
--------
*d85bea5f2f8ea30fd0fa5a2d469c7615*
`登陆天数: 7天 / 644天
等级: 130
石头: 4017
呼符: 279
体力: 13909.45 / 138
友情点: 0 / 469405`
*連続ログイン7日間到達おめでとうございます！
明日は1日目からリスタートされます。*
`獣の足跡 X 1
呼符 X 1
5月交換券(2024) X 1
`*カルデア・サマーアドベンチャー！ アンケート復刻版 開幕記念 ログインボーナス*
*開催期間中、1日1回 最大21回 ログインボーナスをプレゼント！*
`白銀の果実 X 1
`_2024-05-30 07:15:57_
--------
*2bd899b5aa4538f5b8d1b4e14844171f*
`登陆天数: 7天 / 645天
等级: 130
石头: 4022
呼符: 200
体力: 13909.476666666667 / 138
友情点: 0 / 467075`
*連続ログイン7日間到達おめでとうございます！
明日は1日目からリスタートされます。*
`獣の足跡 X 1
呼符 X 1
5月交換券(2024) X 1
`*カルデア・サマーアドベンチャー！ アンケート復刻版 開幕記念 ログインボーナス*
*開催期間中、1日1回 最大21回 ログインボーナスをプレゼント！*
`白銀の果実 X 1
`_2024-05-30 07:16:05_
--------
*8afa1b3c712ffad08d577e3d71ae0cf2*
`登陆天数: 7天 / 644天
等级: 130
石头: 4004
呼符: 147
体力: 13909.503333333334 / 138
友情点: 0 / 469440`
*連続ログイン7日間到達おめでとうございます！
明日は1日目からリスタートされます。*
`獣の足跡 X 1
呼符 X 1
5月交換券(2024) X 1
`*カルデア・サマーアドベンチャー！ アンケート復刻版 開幕記念 ログインボーナス*
*開催期間中、1日1回 最大21回 ログインボーナスをプレゼント！*
`白銀の果実 X 1
`_2024-05-30 07:16:12_
--------
*3e56c92c0f4ca08a5a9dbd5c0912c124*
`登陆天数: 7天 / 644天
等级: 130
石头: 3997
呼符: 120
体力: 13909.526666666667 / 138
友情点: 0 / 468940`
*連続ログイン7日間到達おめでとうございます！
明日は1日目からリスタートされます。*
`獣の足跡 X 1
呼符 X 1
5月交換券(2024) X 1
`*カルデア・サマーアドベンチャー！ アンケート復刻版 開幕記念 ログインボーナス*
*開催期間中、1日1回 最大21回 ログインボーナスをプレゼント！*
`白銀の果実 X 1
`_2024-05-30 07:16:20_
--------
*d273a3cfe1a88455a3867bdd6c5411a9*
`登陆天数: 7天 / 644天
等级: 130
石头: 4015
呼符: 308
体力: 13909.553333333333 / 138
友情点: 0 / 468575`
*連続ログイン7日間到達おめでとうございます！
明日は1日目からリスタートされます。*
`獣の足跡 X 1
呼符 X 1
5月交換券(2024) X 1
`*カルデア・サマーアドベンチャー！ アンケート復刻版 開幕記念 ログインボーナス*
*開催期間中、1日1回 最大21回 ログインボーナスをプレゼント！*
`白銀の果実 X 1
`_2024-05-30 07:16:28_
--------
*e272a18248509eefcd1580a457042733*
`登陆天数: 7天 / 644天
等级: 130
石头: 4022
呼符: 160
体力: 13909.583333333334 / 138
友情点: 0 / 470035`
_2024-05-30 07:16:36_
--------
*c0b65391642eec0fc9990770e270f1f0*
`登陆天数: 7天 / 645天
等级: 130
石头: 4020
呼符: 237
体力: 13909.606666666667 / 138
友情点: 0 / 465655`
*連続ログイン7日間到達おめでとうございます！
明日は1日目からリスタートされます。*
`獣の足跡 X 1
呼符 X 1
5月交換券(2024) X 1
`*カルデア・サマーアドベンチャー！ アンケート復刻版 開幕記念 ログインボーナス*
*開催期間中、1日1回 最大21回 ログインボーナスをプレゼント！*
`白銀の果実 X 1
`_2024-05-30 07:16:44_
--------
*d350ee0a9f1916eecd03edce2685e4b0*
`登陆天数: 7天 / 645天
等级: 130
石头: 4008
呼符: 260
体力: 13909.633333333333 / 138
友情点: 0 / 466670`
*連続ログイン7日間到達おめでとうございます！
明日は1日目からリスタートされます。*
`獣の足跡 X 1
呼符 X 1
5月交換券(2024) X 1
`*カルデア・サマーアドベンチャー！ アンケート復刻版 開幕記念 ログインボーナス*
*開催期間中、1日1回 最大21回 ログインボーナスをプレゼント！*
`白銀の果実 X 1
`_2024-05-30 07:16:51_
--------
*081e422d5f03c7c6f998c01d5e343c36*
`登陆天数: 7天 / 644天
等级: 130
石头: 4005
呼符: 312
体力: 13909.656666666666 / 138
友情点: 0 / 468280`
*連続ログイン7日間到達おめでとうございます！
明日は1日目からリスタートされます。*
`獣の足跡 X 1
呼符 X 1
5月交換券(2024) X 1
`*カルデア・サマーアドベンチャー！ アンケート復刻版 開幕記念 ログインボーナス*
*開催期間中、1日1回 最大21回 ログインボーナスをプレゼント！*
`白銀の果実 X 1
`_2024-05-30 07:16:59_
--------
*ecc5cdc190238dbea1e5321fd17aaee1*
`登陆天数: 7天 / 644天
等级: 130
石头: 4026
呼符: 230
体力: 13909.68 / 138
友情点: 0 / 470045`
*連続ログイン7日間到達おめでとうございます！
明日は1日目からリスタートされます。*
`獣の足跡 X 1
呼符 X 1
5月交換券(2024) X 1
`*カルデア・サマーアドベンチャー！ アンケート復刻版 開幕記念 ログインボーナス*
*開催期間中、1日1回 最大21回 ログインボーナスをプレゼント！*
`白銀の果実 X 1
`_2024-05-30 07:17:07_
--------
*80c8573c615717cd7753380e6282d13a*
`登陆天数: 7天 / 645天
等级: 130
石头: 4027
呼符: 312
体力: 13909.71 / 138
友情点: 0 / 465945`
*連続ログイン7日間到達おめでとうございます！
明日は1日目からリスタートされます。*
`獣の足跡 X 1
呼符 X 1
5月交換券(2024) X 1
`*カルデア・サマーアドベンチャー！ アンケート復刻版 開幕記念 ログインボーナス*
*開催期間中、1日1回 最大21回 ログインボーナスをプレゼント！*
`白銀の果実 X 1
`_2024-05-30 07:17:15_
--------
*77d0601d0248e0cfbe15512b825965ae*
`登陆天数: 7天 / 645天
等级: 130
石头: 4015
呼符: 307
体力: 13909.736666666666 / 138
友情点: 0 / 466845`
*連続ログイン7日間到達おめでとうございます！
明日は1日目からリスタートされます。*
`獣の足跡 X 1
呼符 X 1
5月交換券(2024) X 1
`*カルデア・サマーアドベンチャー！ アンケート復刻版 開幕記念 ログインボーナス*
*開催期間中、1日1回 最大21回 ログインボーナスをプレゼント！*
`白銀の果実 X 1
`_2024-05-30 07:17:22_
--------
*eead8870a8d68b26662d3bfe418e75b2*
`登陆天数: 7天 / 644天
等级: 130
石头: 4007
呼符: 305
体力: 13909.756666666666 / 138
友情点: 0 / 469155`
*連続ログイン7日間到達おめでとうございます！
明日は1日目からリスタートされます。*
`獣の足跡 X 1
呼符 X 1
5月交換券(2024) X 1
`*カルデア・サマーアドベンチャー！ アンケート復刻版 開幕記念 ログインボーナス*
*開催期間中、1日1回 最大21回 ログインボーナスをプレゼント！*
`白銀の果実 X 1
`_2024-05-30 07:17:30_
--------
*3dc0a20b713ecaaa4d1dfdc5c71f3dc8*
`登陆天数: 7天 / 644天
等级: 130
石头: 4019
呼符: 207
体力: 13909.776666666667 / 138
友情点: 0 / 469265`
*連続ログイン7日間到達おめでとうございます！
明日は1日目からリスタートされます。*
`獣の足跡 X 1
呼符 X 1
5月交換券(2024) X 1
`*カルデア・サマーアドベンチャー！ アンケート復刻版 開幕記念 ログインボーナス*
*開催期間中、1日1回 最大21回 ログインボーナスをプレゼント！*
`白銀の果実 X 1
`_2024-05-30 07:17:38_
--------
*3a33ee4f4a8f0d48a36c0c023d9f3a2c*
`登陆天数: 7天 / 644天
等级: 130
石头: 4017
呼符: 299
体力: 13909.81 / 138
友情点: 0 / 468220`
*連続ログイン7日間到達おめでとうございます！
明日は1日目からリスタートされます。*
`獣の足跡 X 1
呼符 X 1
5月交換券(2024) X 1
`*カルデア・サマーアドベンチャー！ アンケート復刻版 開幕記念 ログインボーナス*
*開催期間中、1日1回 最大21回 ログインボーナスをプレゼント！*
`白銀の果実 X 1
`_2024-05-30 07:17:45_
--------
*dc2eb86246737b9ce989350484834207*
`登陆天数: 7天 / 644天
等级: 130
石头: 4015
呼符: 291
体力: 13909.836666666666 / 138
友情点: 0 / 468265`
*連続ログイン7日間到達おめでとうございます！
明日は1日目からリスタートされます。*
`獣の足跡 X 1
呼符 X 1
5月交換券(2024) X 1
`*カルデア・サマーアドベンチャー！ アンケート復刻版 開幕記念 ログインボーナス*
*開催期間中、1日1回 最大21回 ログインボーナスをプレゼント！*
`白銀の果実 X 1
`_2024-05-30 07:17:53_
--------
*040a98d92aa6cb1f5d8c23f9ba8e7a03*
`登陆天数: 7天 / 645天
等级: 130
石头: 4025
呼符: 240
体力: 13909.86 / 138
友情点: 0 / 465895`
*連続ログイン7日間到達おめでとうございます！
明日は1日目からリスタートされます。*
`獣の足跡 X 1
呼符 X 1
5月交換券(2024) X 1
`*カルデア・サマーアドベンチャー！ アンケート復刻版 開幕記念 ログインボーナス*
*開催期間中、1日1回 最大21回 ログインボーナスをプレゼント！*
`白銀の果実 X 1
`_2024-05-30 07:18:01_
--------
*902f3fb38355282eec4fb79373d7faff*
`登陆天数: 7天 / 644天
等级: 130
石头: 4018
呼符: 320
体力: 13909.89 / 138
友情点: 0 / 470070`
*連続ログイン7日間到達おめでとうございます！
明日は1日目からリスタートされます。*
`獣の足跡 X 1
呼符 X 1
5月交換券(2024) X 1
`*カルデア・サマーアドベンチャー！ アンケート復刻版 開幕記念 ログインボーナス*
*開催期間中、1日1回 最大21回 ログインボーナスをプレゼント！*
`白銀の果実 X 1
`_2024-05-30 07:18:08_
--------
*87f6d6ae6aba3c3ccc8ba9dc4816c6f9*
`登陆天数: 7天 / 645天
等级: 130
石头: 4016
呼符: 274
体力: 13909.916666666666 / 138
友情点: 0 / 467355`
*連続ログイン7日間到達おめでとうございます！
明日は1日目からリスタートされます。*
`獣の足跡 X 1
呼符 X 1
5月交換券(2024) X 1
`*カルデア・サマーアドベンチャー！ アンケート復刻版 開幕記念 ログインボーナス*
*開催期間中、1日1回 最大21回 ログインボーナスをプレゼント！*
`白銀の果実 X 1
`_2024-05-30 07:18:16_
--------
*e9fb649878ae8dc17a58a82ea989f0aa*
`登陆天数: 7天 / 644天
等级: 130
石头: 3995
呼符: 236
体力: 13909.94 / 138
友情点: 0 / 468670`
*連続ログイン7日間到達おめでとうございます！
明日は1日目からリスタートされます。*
`獣の足跡 X 1
呼符 X 1
5月交換券(2024) X 1
`*カルデア・サマーアドベンチャー！ アンケート復刻版 開幕記念 ログインボーナス*
*開催期間中、1日1回 最大21回 ログインボーナスをプレゼント！*
`白銀の果実 X 1
`_2024-05-30 07:18:24_
--------
*2c602a9b95859be7a0437ab5f4a27466*
`登陆天数: 7天 / 645天
等级: 130
石头: 4023
呼符: 224
体力: 13909.963333333333 / 138
友情点: 0 / 468190`
*連続ログイン7日間到達おめでとうございます！
明日は1日目からリスタートされます。*
`獣の足跡 X 1
呼符 X 1
5月交換券(2024) X 1
`*カルデア・サマーアドベンチャー！ アンケート復刻版 開幕記念 ログインボーナス*
*開催期間中、1日1回 最大21回 ログインボーナスをプレゼント！*
`白銀の果実 X 1
`_2024-05-30 07:18:31_
--------
*02b9a6fe417b5d148bf481e9cfd6ebde*
`登陆天数: 7天 / 644天
等级: 130
石头: 4006
呼符: 245
体力: 13909.99 / 138
友情点: 0 / 468125`
*連続ログイン7日間到達おめでとうございます！
明日は1日目からリスタートされます。*
`獣の足跡 X 1
呼符 X 1
5月交換券(2024) X 1
`*カルデア・サマーアドベンチャー！ アンケート復刻版 開幕記念 ログインボーナス*
*開催期間中、1日1回 最大21回 ログインボーナスをプレゼント！*
`白銀の果実 X 1
`_2024-05-30 07:18:39_
--------
*b77d30f23261ef806f674c45166f7c2a*
`登陆天数: 7天 / 644天
等级: 130
石头: 4010
呼符: 266
体力: 13910.013333333334 / 138
友情点: 0 / 469810`
*連続ログイン7日間到達おめでとうございます！
明日は1日目からリスタートされます。*
`獣の足跡 X 1
呼符 X 1
5月交換券(2024) X 1
`*カルデア・サマーアドベンチャー！ アンケート復刻版 開幕記念 ログインボーナス*
*開催期間中、1日1回 最大21回 ログインボーナスをプレゼント！*
`白銀の果実 X 1
`_2024-05-30 07:18:47_
--------
*d880582cd1dea11e86bd931426917a24*
`登陆天数: 7天 / 644天
等级: 130
石头: 4013
呼符: 277
体力: 13910.04 / 138
友情点: 0 / 468280`
*連続ログイン7日間到達おめでとうございます！
明日は1日目からリスタートされます。*
`獣の足跡 X 1
呼符 X 1
5月交換券(2024) X 1
`*カルデア・サマーアドベンチャー！ アンケート復刻版 開幕記念 ログインボーナス*
*開催期間中、1日1回 最大21回 ログインボーナスをプレゼント！*
`白銀の果実 X 1
`_2024-05-30 07:18:54_
--------
*317c92bc9dbb488a38d66a283bb00299*
`登陆天数: 7天 / 644天
等级: 130
石头: 3983
呼符: 75
体力: 13910.066666666668 / 138
友情点: 0 / 468285`
*連続ログイン7日間到達おめでとうございます！
明日は1日目からリスタートされます。*
`獣の足跡 X 1
呼符 X 1
5月交換券(2024) X 1
`*カルデア・サマーアドベンチャー！ アンケート復刻版 開幕記念 ログインボーナス*
*開催期間中、1日1回 最大21回 ログインボーナスをプレゼント！*
`白銀の果実 X 1
`_2024-05-30 07:19:02_
--------
*f8fd16ffaa28b7a2f282e21b1bc9f08f*
`登陆天数: 7天 / 645天
等级: 130
石头: 4025
呼符: 316
体力: 13910.09 / 138
友情点: 0 / 466185`
*連続ログイン7日間到達おめでとうございます！
明日は1日目からリスタートされます。*
`獣の足跡 X 1
呼符 X 1
5月交換券(2024) X 1
`*カルデア・サマーアドベンチャー！ アンケート復刻版 開幕記念 ログインボーナス*
*開催期間中、1日1回 最大21回 ログインボーナスをプレゼント！*
`白銀の果実 X 1
`_2024-05-30 07:19:10_
--------
*abe8704055c898e1800b9cbd26cfbca9*
`登陆天数: 7天 / 645天
等级: 130
石头: 4021
呼符: 298
体力: 13910.116666666667 / 138
友情点: 0 / 466115`
*連続ログイン7日間到達おめでとうございます！
明日は1日目からリスタートされます。*
`獣の足跡 X 1
呼符 X 1
5月交換券(2024) X 1
`*カルデア・サマーアドベンチャー！ アンケート復刻版 開幕記念 ログインボーナス*
*開催期間中、1日1回 最大21回 ログインボーナスをプレゼント！*
`白銀の果実 X 1
`_2024-05-30 07:19:18_
--------
*f887e626b3abf484eaaaa076095f80ce*
`登陆天数: 7天 / 645天
等级: 130
石头: 4021
呼符: 135
体力: 13910.143333333333 / 138
友情点: 0 / 467365`
*連続ログイン7日間到達おめでとうございます！
明日は1日目からリスタートされます。*
`獣の足跡 X 1
呼符 X 1
5月交換券(2024) X 1
`*カルデア・サマーアドベンチャー！ アンケート復刻版 開幕記念 ログインボーナス*
*開催期間中、1日1回 最大21回 ログインボーナスをプレゼント！*
`白銀の果実 X 1
`_2024-05-30 07:19:26_
--------
*cdbdeccfd01bed477123077ddc12f8f2*
`登陆天数: 7天 / 645天
等级: 130
石头: 3983
呼符: 305
体力: 13910.17 / 138
友情点: 0 / 467410`
*連続ログイン7日間到達おめでとうございます！
明日は1日目からリスタートされます。*
`獣の足跡 X 1
呼符 X 1
5月交換券(2024) X 1
`*カルデア・サマーアドベンチャー！ アンケート復刻版 開幕記念 ログインボーナス*
*開催期間中、1日1回 最大21回 ログインボーナスをプレゼント！*
`白銀の果実 X 1
`_2024-05-30 07:19:34_
--------
*9245714ae863fbe82cb107532b27f768*
`登陆天数: 7天 / 645天
等级: 130
石头: 4011
呼符: 25
体力: 13910.196666666667 / 138
友情点: 0 / 469085`
*連続ログイン7日間到達おめでとうございます！
明日は1日目からリスタートされます。*
`獣の足跡 X 1
呼符 X 1
5月交換券(2024) X 1
`*カルデア・サマーアドベンチャー！ アンケート復刻版 開幕記念 ログインボーナス*
*開催期間中、1日1回 最大21回 ログインボーナスをプレゼント！*
`白銀の果実 X 1
`_2024-05-30 07:19:42_
--------
*beee1d42aa302d906222634efb9e84be*
`登陆天数: 7天 / 644天
等级: 130
石头: 4002
呼符: 43
体力: 13910.223333333333 / 138
友情点: 0 / 467960`
*連続ログイン7日間到達おめでとうございます！
明日は1日目からリスタートされます。*
`獣の足跡 X 1
呼符 X 1
5月交換券(2024) X 1
`*カルデア・サマーアドベンチャー！ アンケート復刻版 開幕記念 ログインボーナス*
*開催期間中、1日1回 最大21回 ログインボーナスをプレゼント！*
`白銀の果実 X 1
`_2024-05-30 07:19:50_
--------
*642e6979c8c0c9f6e5536b5b87480a82*
`登陆天数: 7天 / 644天
等级: 130
石头: 4027
呼符: 315
体力: 13910.25 / 138
友情点: 0 / 469615`
*連続ログイン7日間到達おめでとうございます！
明日は1日目からリスタートされます。*
`獣の足跡 X 1
呼符 X 1
5月交換券(2024) X 1
`*カルデア・サマーアドベンチャー！ アンケート復刻版 開幕記念 ログインボーナス*
*開催期間中、1日1回 最大21回 ログインボーナスをプレゼント！*
`白銀の果実 X 1
`_2024-05-30 07:19:58_
--------
*6a8c03f6928c237c298152cc70fb1350*
`登陆天数: 7天 / 644天
等级: 130
石头: 4017
呼符: 294
体力: 13910.276666666667 / 138
友情点: 0 / 468760`
*連続ログイン7日間到達おめでとうございます！
明日は1日目からリスタートされます。*
`獣の足跡 X 1
呼符 X 1
5月交換券(2024) X 1
`*カルデア・サマーアドベンチャー！ アンケート復刻版 開幕記念 ログインボーナス*
*開催期間中、1日1回 最大21回 ログインボーナスをプレゼント！*
`白銀の果実 X 1
`_2024-05-30 07:20:05_
--------
*22c1ea96d8d5b434a0b2240789fa25e6*
`登陆天数: 7天 / 644天
等级: 130
石头: 4029
呼符: 24
体力: 13910.3 / 138
友情点: 0 / 468205`
*連続ログイン7日間到達おめでとうございます！
明日は1日目からリスタートされます。*
`獣の足跡 X 1
呼符 X 1
5月交換券(2024) X 1
`*カルデア・サマーアドベンチャー！ アンケート復刻版 開幕記念 ログインボーナス*
*開催期間中、1日1回 最大21回 ログインボーナスをプレゼント！*
`白銀の果実 X 1
`_2024-05-30 07:20:13_
--------
*dc7f25cf37a3fa7d7267dd3c9609c933*
`登陆天数: 7天 / 645天
等级: 130
石头: 4017
呼符: 315
体力: 13910.326666666666 / 138
友情点: 0 / 468060`
*連続ログイン7日間到達おめでとうございます！
明日は1日目からリスタートされます。*
`獣の足跡 X 1
呼符 X 1
5月交換券(2024) X 1
`*カルデア・サマーアドベンチャー！ アンケート復刻版 開幕記念 ログインボーナス*
*開催期間中、1日1回 最大21回 ログインボーナスをプレゼント！*
`白銀の果実 X 1
`_2024-05-30 07:20:21_
--------
*8482c7bf215281a6c01672e5819f2bbd*
`登陆天数: 7天 / 644天
等级: 130
石头: 4016
呼符: 191
体力: 13910.353333333333 / 138
友情点: 0 / 468210`
*連続ログイン7日間到達おめでとうございます！
明日は1日目からリスタートされます。*
`獣の足跡 X 1
呼符 X 1
5月交換券(2024) X 1
`*カルデア・サマーアドベンチャー！ アンケート復刻版 開幕記念 ログインボーナス*
*開催期間中、1日1回 最大21回 ログインボーナスをプレゼント！*
`白銀の果実 X 1
`_2024-05-30 07:20:28_
--------
*8708e662a3a9bd9c776bbba7323536ad*
`登陆天数: 7天 / 645天
等级: 130
石头: 4025
呼符: 262
体力: 13910.38 / 138
友情点: 0 / 466770`
*連続ログイン7日間到達おめでとうございます！
明日は1日目からリスタートされます。*
`獣の足跡 X 1
呼符 X 1
5月交換券(2024) X 1
`*カルデア・サマーアドベンチャー！ アンケート復刻版 開幕記念 ログインボーナス*
*開催期間中、1日1回 最大21回 ログインボーナスをプレゼント！*
`白銀の果実 X 1
`_2024-05-30 07:20:36_
--------
*cf7d89915610bcd7b37ca28ab638314c*
`登陆天数: 7天 / 644天
等级: 130
石头: 4016
呼符: 195
体力: 13910.403333333334 / 138
友情点: 0 / 469075`
*連続ログイン7日間到達おめでとうございます！
明日は1日目からリスタートされます。*
`獣の足跡 X 1
呼符 X 1
5月交換券(2024) X 1
`*カルデア・サマーアドベンチャー！ アンケート復刻版 開幕記念 ログインボーナス*
*開催期間中、1日1回 最大21回 ログインボーナスをプレゼント！*
`白銀の果実 X 1
`_2024-05-30 07:20:44_
--------
*243eb74e763a406f44558ef21d614408*
`登陆天数: 7天 / 645天
等级: 130
石头: 4053
呼符: 297
体力: 13910.43 / 138
友情点: 0 / 466410`
*連続ログイン7日間到達おめでとうございます！
明日は1日目からリスタートされます。*
`獣の足跡 X 1
呼符 X 1
5月交換券(2024) X 1
`*カルデア・サマーアドベンチャー！ アンケート復刻版 開幕記念 ログインボーナス*
*開催期間中、1日1回 最大21回 ログインボーナスをプレゼント！*
`白銀の果実 X 1
`_2024-05-30 07:20:52_
--------
*87d09c5cde6848cfc7b1a06b657d6fdb*
`登陆天数: 7天 / 645天
等级: 130
石头: 4009
呼符: 319
体力: 13910.456666666667 / 138
友情点: 0 / 466145`
*連続ログイン7日間到達おめでとうございます！
明日は1日目からリスタートされます。*
`獣の足跡 X 1
呼符 X 1
5月交換券(2024) X 1
`*カルデア・サマーアドベンチャー！ アンケート復刻版 開幕記念 ログインボーナス*
*開催期間中、1日1回 最大21回 ログインボーナスをプレゼント！*
`白銀の果実 X 1
`_2024-05-30 07:21:00_
--------
*e9f795a47687fbd8c7e77bbda427e736*
`登陆天数: 7天 / 644天
等级: 130
石头: 4013
呼符: 141
体力: 13910.483333333334 / 138
友情点: 0 / 469170`
*連続ログイン7日間到達おめでとうございます！
明日は1日目からリスタートされます。*
`獣の足跡 X 1
呼符 X 1
5月交換券(2024) X 1
`*カルデア・サマーアドベンチャー！ アンケート復刻版 開幕記念 ログインボーナス*
*開催期間中、1日1回 最大21回 ログインボーナスをプレゼント！*
`白銀の果実 X 1
`_2024-05-30 07:21:08_
--------
*b5664ff41e27985c0b63aa7c87ea21c7*
`登陆天数: 7天 / 645天
等级: 130
石头: 4008
呼符: 83
体力: 13910.51 / 138
友情点: 0 / 469895`
*連続ログイン7日間到達おめでとうございます！
明日は1日目からリスタートされます。*
`獣の足跡 X 1
呼符 X 1
5月交換券(2024) X 1
`*カルデア・サマーアドベンチャー！ アンケート復刻版 開幕記念 ログインボーナス*
*開催期間中、1日1回 最大21回 ログインボーナスをプレゼント！*
`白銀の果実 X 1
`_2024-05-30 07:21:15_
--------
*3da2eb4f55a8ae481d18547b498596e4*
`登陆天数: 7天 / 644天
等级: 130
石头: 4019
呼符: 194
体力: 13910.54 / 138
友情点: 0 / 469105`
*連続ログイン7日間到達おめでとうございます！
明日は1日目からリスタートされます。*
`獣の足跡 X 1
呼符 X 1
5月交換券(2024) X 1
`*カルデア・サマーアドベンチャー！ アンケート復刻版 開幕記念 ログインボーナス*
*開催期間中、1日1回 最大21回 ログインボーナスをプレゼント！*
`白銀の果実 X 1
`_2024-05-30 07:21:23_
--------
*0eee4f8037ad23499fdd97ea5cfa24c1*
`登陆天数: 7天 / 645天
等级: 130
石头: 4004
呼符: 308
体力: 13910.56 / 138
友情点: 0 / 466705`
*連続ログイン7日間到達おめでとうございます！
明日は1日目からリスタートされます。*
`獣の足跡 X 1
呼符 X 1
5月交換券(2024) X 1
`*カルデア・サマーアドベンチャー！ アンケート復刻版 開幕記念 ログインボーナス*
*開催期間中、1日1回 最大21回 ログインボーナスをプレゼント！*
`白銀の果実 X 1
`_2024-05-30 07:21:31_
--------
