【登录信息】
*e7d128cc392dee579676b48fe9dad40e*
`登陆天数: 39天 / 676天
等级: 130
石头: 3732
呼符: 19
体力: 24.626666666666665 / 138
友情点: 0 / 419180`
_2024-07-01 04:16:24_
--------
*911b2edc9f0a6352a69874840dee0d61*
`登陆天数: 33天 / 674天
等级: 130
石头: 2747
呼符: 0
体力: 23089.576666666668 / 138
友情点: 0 / 469565`
_2024-07-01 04:16:31_
--------
*32f66d60569f4040d930610ec2d43273*
`登陆天数: 39天 / 676天
等级: 130
石头: 4112
呼符: 330
体力: 27.056666666666672 / 138
友情点: 0 / 356980`
_2024-07-01 04:16:39_
--------
*786d1d2e9f0942360cba24b47db52490*
`登陆天数: 39天 / 676天
等级: 130
石头: 3254
呼符: 19
体力: 24.596666666666664 / 138
友情点: 0 / 435000`
_2024-07-01 04:16:47_
--------
*6162d018cc4f591e6d1cb3e2ef8191d1*
`登陆天数: 39天 / 677天
等级: 130
石头: 3936
呼符: 19
体力: 24.569999999999993 / 138
友情点: 0 / 398290`
_2024-07-01 04:16:55_
--------
*646195caefa28ade965b91c400057f01*
`登陆天数: 39天 / 676天
等级: 130
石头: 1897
呼符: 19
体力: 24.540000000000006 / 138
友情点: 0 / 481900`
_2024-07-01 04:17:02_
--------
*3d5a228f1082bc550818e18f7971fe57*
`登陆天数: 39天 / 677天
等级: 130
石头: 2271
呼符: 0
体力: 23089.71 / 138
友情点: 0 / 467010`
_2024-07-01 04:17:10_
--------
*6abaffb5ee5ceaf2dd7ed98b206d749f*
`登陆天数: 39天 / 677天
等级: 130
石头: 2625
呼符: 19
体力: 27.236666666666665 / 138
友情点: 0 / 458815`
_2024-07-01 04:17:18_
--------
*f63a615d55b52038a51b0dc3bdadc06a*
`登陆天数: 39天 / 676天
等级: 130
石头: 3948
呼符: 19
体力: 27.203333333333333 / 138
友情点: 0 / 407020`
_2024-07-01 04:17:26_
--------
