【登录信息】
*e7d128cc392dee579676b48fe9dad40e*
`登陆天数: 9天 / 646天
等级: 130
石头: 3641
呼符: 0
体力: 14452.286666666667 / 138
友情点: 0 / 469180`
*連続ログイン2日目
※ログインが途切れるか、7日到達すると
1日目から再開されます*
`聖晶石 X 1
6月交換券(2024) X 1
`*カルデア・サマーアドベンチャー！ アンケート復刻版 開幕記念 ログインボーナス*
*開催期間中、1日1回 最大21回 ログインボーナスをプレゼント！*
`白銀の果実 X 1
`_2024-06-01 04:30:05_
--------
*911b2edc9f0a6352a69874840dee0d61*
`登陆天数: 3天 / 644天
等级: 130
石头: 2747
呼符: 0
体力: 14452.316666666668 / 138
友情点: 0 / 469565`
*連続ログイン3日目
※ログインが途切れるか、7日到達すると
1日目から再開されます*
`叡智の業火 X 1
6月交換券(2024) X 1
`*カルデア・サマーアドベンチャー！ アンケート復刻版 開幕記念 ログインボーナス*
*開催期間中、1日1回 最大21回 ログインボーナスをプレゼント！*
`白銀の果実 X 1
`_2024-06-01 04:30:13_
--------
*32f66d60569f4040d930610ec2d43273*
`登陆天数: 9天 / 646天
等级: 130
石头: 4011
呼符: 311
体力: 14452.343333333334 / 138
友情点: 0 / 468980`
_2024-06-01 04:30:21_
--------
*786d1d2e9f0942360cba24b47db52490*
`登陆天数: 9天 / 646天
等级: 130
石头: 3163
呼符: 0
体力: 14452.373333333333 / 138
友情点: 0 / 469000`
*連続ログイン2日目
※ログインが途切れるか、7日到達すると
1日目から再開されます*
`聖晶石 X 1
6月交換券(2024) X 1
`*カルデア・サマーアドベンチャー！ アンケート復刻版 開幕記念 ログインボーナス*
*開催期間中、1日1回 最大21回 ログインボーナスをプレゼント！*
`白銀の果実 X 1
`_2024-06-01 04:30:29_
--------
*6162d018cc4f591e6d1cb3e2ef8191d1*
`登陆天数: 9天 / 647天
等级: 130
石头: 3847
呼符: 0
体力: 14452.4 / 138
友情点: 0 / 466290`
*連続ログイン2日目
※ログインが途切れるか、7日到達すると
1日目から再開されます*
`聖晶石 X 1
6月交換券(2024) X 1
`*カルデア・サマーアドベンチャー！ アンケート復刻版 開幕記念 ログインボーナス*
*開催期間中、1日1回 最大21回 ログインボーナスをプレゼント！*
`白銀の果実 X 1
`_2024-06-01 04:30:37_
--------
*646195caefa28ade965b91c400057f01*
`登陆天数: 9天 / 646天
等级: 130
石头: 1806
呼符: 0
体力: 14452.43 / 138
友情点: 0 / 469900`
*連続ログイン2日目
※ログインが途切れるか、7日到達すると
1日目から再開されます*
`聖晶石 X 1
6月交換券(2024) X 1
`*カルデア・サマーアドベンチャー！ アンケート復刻版 開幕記念 ログインボーナス*
*開催期間中、1日1回 最大21回 ログインボーナスをプレゼント！*
`白銀の果実 X 1
`_2024-06-01 04:30:46_
--------
*3d5a228f1082bc550818e18f7971fe57*
`登陆天数: 9天 / 647天
等级: 130
石头: 2271
呼符: 0
体力: 14452.456666666667 / 138
友情点: 0 / 467010`
_2024-06-01 04:30:54_
--------
*6abaffb5ee5ceaf2dd7ed98b206d749f*
`登陆天数: 9天 / 647天
等级: 130
石头: 2536
呼符: 0
体力: 14452.48 / 138
友情点: 0 / 466815`
_2024-06-01 04:31:02_
--------
*f63a615d55b52038a51b0dc3bdadc06a*
`登陆天数: 9天 / 646天
等级: 130
石头: 3857
呼符: 0
体力: 14452.506666666666 / 138
友情点: 0 / 469020`
_2024-06-01 04:31:10_
--------
