【登录信息】
*e7d128cc392dee579676b48fe9dad40e*
`登陆天数: 16天 / 653天
等级: 130
石头: 3641
呼符: 0
体力: 16468.47 / 138
友情点: 0 / 469180`
*連続ログイン2日目
※ログインが途切れるか、7日到達すると
1日目から再開されます*
`聖晶石 X 1
6月交換券(2024) X 1
`*螺旋証明世界 リリムハーロット ～喝采なき薔薇～ アンケート復刻版
開幕記念 ログインボーナス*
*開催期間中、1日1回 最大21回 ログインボーナスをプレゼント！*
`白銀の果実 X 1
`_2024-06-08 04:31:00_
--------
*911b2edc9f0a6352a69874840dee0d61*
`登陆天数: 10天 / 651天
等级: 130
石头: 2747
呼符: 0
体力: 16468.5 / 138
友情点: 0 / 469565`
*連続ログイン3日目
※ログインが途切れるか、7日到達すると
1日目から再開されます*
`叡智の業火 X 1
6月交換券(2024) X 1
`*螺旋証明世界 リリムハーロット ～喝采なき薔薇～ アンケート復刻版
開幕記念 ログインボーナス*
*開催期間中、1日1回 最大21回 ログインボーナスをプレゼント！*
`白銀の果実 X 1
`_2024-06-08 04:31:08_
--------
*32f66d60569f4040d930610ec2d43273*
`登陆天数: 16天 / 653天
等级: 130
石头: 4011
呼符: 311
体力: 16468.526666666665 / 138
友情点: 0 / 468980`
_2024-06-08 04:31:17_
--------
*786d1d2e9f0942360cba24b47db52490*
`登陆天数: 16天 / 653天
等级: 130
石头: 3214
呼符: 9
体力: 18.83 / 138
友情点: 0 / 469000`
_2024-06-08 04:31:25_
--------
*6162d018cc4f591e6d1cb3e2ef8191d1*
`登陆天数: 16天 / 654天
等级: 130
石头: 3896
呼符: 9
体力: 18.796666666666667 / 138
友情点: 0 / 468290`
_2024-06-08 04:31:33_
--------
*646195caefa28ade965b91c400057f01*
`登陆天数: 16天 / 653天
等级: 130
石头: 1857
呼符: 9
体力: 18.766666666666666 / 138
友情点: 0 / 475900`
_2024-06-08 04:31:41_
--------
*3d5a228f1082bc550818e18f7971fe57*
`登陆天数: 16天 / 654天
等级: 130
石头: 2271
呼符: 0
体力: 16468.64 / 138
友情点: 0 / 467010`
_2024-06-08 04:31:50_
--------
*6abaffb5ee5ceaf2dd7ed98b206d749f*
`登陆天数: 16天 / 654天
等级: 130
石头: 2585
呼符: 9
体力: 13.11333333333333 / 138
友情点: 0 / 470815`
_2024-06-08 04:31:58_
--------
*f63a615d55b52038a51b0dc3bdadc06a*
`登陆天数: 16天 / 653天
等级: 130
石头: 3908
呼符: 9
体力: 13.083333333333329 / 138
友情点: 0 / 471020`
_2024-06-08 04:32:05_
--------
