【登录信息】
*e7d128cc392dee579676b48fe9dad40e*
`登陆天数: 17天 / 654天
等级: 130
石头: 3692
呼符: 9
体力: 27.159999999999997 / 138
友情点: 0 / 469180`
_2024-06-09 04:30:32_
--------
*911b2edc9f0a6352a69874840dee0d61*
`登陆天数: 11天 / 652天
等级: 130
石头: 2747
呼符: 0
体力: 16756.403333333332 / 138
友情点: 0 / 469565`
_2024-06-09 04:30:39_
--------
*32f66d60569f4040d930610ec2d43273*
`登陆天数: 17天 / 654天
等级: 130
石头: 4062
呼符: 320
体力: 28.89 / 138
友情点: 0 / 470980`
_2024-06-09 04:30:47_
--------
*786d1d2e9f0942360cba24b47db52490*
`登陆天数: 17天 / 654天
等级: 130
石头: 3214
呼符: 9
体力: 26.726666666666674 / 138
友情点: 0 / 463000`
_2024-06-09 04:30:55_
--------
*6162d018cc4f591e6d1cb3e2ef8191d1*
`登陆天数: 17天 / 655天
等级: 130
石头: 3896
呼符: 9
体力: 26.693333333333328 / 138
友情点: 0 / 462290`
_2024-06-09 04:31:02_
--------
*646195caefa28ade965b91c400057f01*
`登陆天数: 17天 / 654天
等级: 130
石头: 1857
呼符: 9
体力: 26.659999999999997 / 138
友情点: 0 / 475900`
_2024-06-09 04:31:10_
--------
*3d5a228f1082bc550818e18f7971fe57*
`登陆天数: 17天 / 655天
等级: 130
石头: 2271
呼符: 0
体力: 16756.533333333333 / 138
友情点: 0 / 467010`
_2024-06-09 04:31:18_
--------
*6abaffb5ee5ceaf2dd7ed98b206d749f*
`登陆天数: 17天 / 655天
等级: 130
石头: 2585
呼符: 9
体力: 21.00666666666666 / 138
友情点: 0 / 464815`
_2024-06-09 04:31:25_
--------
*f63a615d55b52038a51b0dc3bdadc06a*
`登陆天数: 17天 / 654天
等级: 130
石头: 3908
呼符: 9
体力: 20.976666666666674 / 138
友情点: 0 / 465020`
_2024-06-09 04:31:33_
--------
