【登录信息】
*e7d128cc392dee579676b48fe9dad40e*
`登陆天数: 18天 / 655天
等级: 130
石头: 3693
呼符: 9
体力: 28.303333333333327 / 138
友情点: 0 / 463180`
_2024-06-10 04:34:57_
--------
*911b2edc9f0a6352a69874840dee0d61*
`登陆天数: 12天 / 653天
等级: 130
石头: 2747
呼符: 0
体力: 17045.29 / 138
友情点: 0 / 469565`
_2024-06-10 04:35:06_
--------
*32f66d60569f4040d930610ec2d43273*
`登陆天数: 18天 / 655天
等级: 130
石头: 4063
呼符: 320
体力: 30.950000000000003 / 138
友情点: 0 / 464980`
_2024-06-10 04:35:13_
--------
*786d1d2e9f0942360cba24b47db52490*
`登陆天数: 18天 / 655天
等级: 130
石头: 3215
呼符: 9
体力: 28.61666666666666 / 138
友情点: 0 / 457000`
_2024-06-10 04:35:21_
--------
*6162d018cc4f591e6d1cb3e2ef8191d1*
`登陆天数: 18天 / 656天
等级: 130
石头: 3897
呼符: 9
体力: 28.590000000000003 / 138
友情点: 0 / 456290`
_2024-06-10 04:35:29_
--------
*646195caefa28ade965b91c400057f01*
`登陆天数: 18天 / 655天
等级: 130
石头: 1858
呼符: 9
体力: 28.563333333333333 / 138
友情点: 0 / 475900`
_2024-06-10 04:35:37_
--------
*3d5a228f1082bc550818e18f7971fe57*
`登陆天数: 18天 / 656天
等级: 130
石头: 2271
呼符: 0
体力: 17045.426666666666 / 138
友情点: 0 / 467010`
_2024-06-10 04:35:45_
--------
*6abaffb5ee5ceaf2dd7ed98b206d749f*
`登陆天数: 18天 / 656天
等级: 130
石头: 2586
呼符: 9
体力: 29.900000000000006 / 138
友情点: 0 / 458815`
_2024-06-10 04:35:53_
--------
*f63a615d55b52038a51b0dc3bdadc06a*
`登陆天数: 18天 / 655天
等级: 130
石头: 3909
呼符: 9
体力: 29.870000000000005 / 138
友情点: 0 / 459020`
_2024-06-10 04:36:02_
--------
