【登录信息】
*e7d128cc392dee579676b48fe9dad40e*
`登陆天数: 19天 / 656天
等级: 130
石头: 3693
呼符: 9
体力: 27.846666666666664 / 138
友情点: 0 / 457180`
_2024-06-11 04:32:48_
--------
*911b2edc9f0a6352a69874840dee0d61*
`登陆天数: 13天 / 654天
等级: 130
石头: 2747
呼符: 0
体力: 17332.856666666667 / 138
友情点: 0 / 469565`
_2024-06-11 04:32:56_
--------
*32f66d60569f4040d930610ec2d43273*
`登陆天数: 19天 / 656天
等级: 130
石头: 4063
呼符: 320
体力: 30.569999999999993 / 138
友情点: 0 / 458980`
_2024-06-11 04:33:03_
--------
*786d1d2e9f0942360cba24b47db52490*
`登陆天数: 19天 / 656天
等级: 130
石头: 3215
呼符: 9
体力: 28.03333333333333 / 138
友情点: 0 / 451000`
_2024-06-11 04:33:11_
--------
*6162d018cc4f591e6d1cb3e2ef8191d1*
`登陆天数: 19天 / 657天
等级: 130
石头: 3897
呼符: 9
体力: 28.00333333333333 / 138
友情点: 0 / 450290`
_2024-06-11 04:33:19_
--------
*646195caefa28ade965b91c400057f01*
`登陆天数: 19天 / 656天
等级: 130
石头: 1858
呼符: 9
体力: 27.97333333333333 / 138
友情点: 0 / 475900`
_2024-06-11 04:33:27_
--------
*3d5a228f1082bc550818e18f7971fe57*
`登陆天数: 19天 / 657天
等级: 130
石头: 2271
呼符: 0
体力: 17332.99 / 138
友情点: 0 / 467010`
_2024-06-11 04:33:34_
--------
*6abaffb5ee5ceaf2dd7ed98b206d749f*
`登陆天数: 19天 / 657天
等级: 130
石头: 2586
呼符: 9
体力: 30.71333333333334 / 138
友情点: 0 / 452815`
_2024-06-11 04:33:42_
--------
*f63a615d55b52038a51b0dc3bdadc06a*
`登陆天数: 19天 / 656天
等级: 130
石头: 3909
呼符: 9
体力: 30.680000000000007 / 138
友情点: 0 / 453020`
_2024-06-11 04:33:50_
--------
