【登录信息】
*e7d128cc392dee579676b48fe9dad40e*
`登陆天数: 20天 / 657天
等级: 130
石头: 3695
呼符: 9
体力: 27.556666666666672 / 138
友情点: 0 / 451180`
_2024-06-12 04:31:02_
--------
*911b2edc9f0a6352a69874840dee0d61*
`登陆天数: 14天 / 655天
等级: 130
石头: 2747
呼符: 0
体力: 17620.503333333334 / 138
友情点: 0 / 469565`
_2024-06-12 04:31:09_
--------
*32f66d60569f4040d930610ec2d43273*
`登陆天数: 20天 / 657天
等级: 130
石头: 4065
呼符: 320
体力: 30.060000000000002 / 138
友情点: 0 / 452980`
_2024-06-12 04:31:17_
--------
*786d1d2e9f0942360cba24b47db52490*
`登陆天数: 20天 / 657天
等级: 130
石头: 3217
呼符: 9
体力: 27.61 / 138
友情点: 0 / 445000`
_2024-06-12 04:31:25_
--------
*6162d018cc4f591e6d1cb3e2ef8191d1*
`登陆天数: 20天 / 658天
等级: 130
石头: 3899
呼符: 9
体力: 27.58333333333333 / 138
友情点: 0 / 444290`
_2024-06-12 04:31:33_
--------
*646195caefa28ade965b91c400057f01*
`登陆天数: 20天 / 657天
等级: 130
石头: 1860
呼符: 9
体力: 27.556666666666672 / 138
友情点: 0 / 475900`
_2024-06-12 04:31:41_
--------
*3d5a228f1082bc550818e18f7971fe57*
`登陆天数: 20天 / 658天
等级: 130
石头: 2271
呼符: 0
体力: 17620.64 / 138
友情点: 0 / 467010`
_2024-06-12 04:31:49_
--------
*6abaffb5ee5ceaf2dd7ed98b206d749f*
`登陆天数: 20天 / 658天
等级: 130
石头: 2588
呼符: 9
体力: 30.226666666666674 / 138
友情点: 0 / 452815`
_2024-06-12 04:31:57_
--------
*f63a615d55b52038a51b0dc3bdadc06a*
`登陆天数: 20天 / 657天
等级: 130
石头: 3911
呼符: 9
体力: 30.200000000000003 / 138
友情点: 0 / 447020`
_2024-06-12 04:32:05_
--------
