【登录信息】
*e7d128cc392dee579676b48fe9dad40e*
`登陆天数: 21天 / 658天
等级: 130
石头: 3695
呼符: 10
体力: 27.86 / 138
友情点: 0 / 445180`
_2024-06-13 04:32:01_
--------
*911b2edc9f0a6352a69874840dee0d61*
`登陆天数: 15天 / 656天
等级: 130
石头: 2747
呼符: 0
体力: 17908.7 / 138
友情点: 0 / 469565`
_2024-06-13 04:32:09_
--------
*32f66d60569f4040d930610ec2d43273*
`登陆天数: 21天 / 658天
等级: 130
石头: 4065
呼符: 321
体力: 30.476666666666674 / 138
友情点: 0 / 446980`
_2024-06-13 04:32:17_
--------
*786d1d2e9f0942360cba24b47db52490*
`登陆天数: 21天 / 658天
等级: 130
石头: 3217
呼符: 10
体力: 28.043333333333337 / 138
友情点: 0 / 439000`
_2024-06-13 04:32:24_
--------
*6162d018cc4f591e6d1cb3e2ef8191d1*
`登陆天数: 21天 / 659天
等级: 130
石头: 3899
呼符: 10
体力: 28.010000000000005 / 138
友情点: 0 / 438290`
_2024-06-13 04:32:32_
--------
*646195caefa28ade965b91c400057f01*
`登陆天数: 21天 / 658天
等级: 130
石头: 1860
呼符: 10
体力: 27.983333333333334 / 138
友情点: 0 / 475900`
_2024-06-13 04:32:40_
--------
*3d5a228f1082bc550818e18f7971fe57*
`登陆天数: 21天 / 659天
等级: 130
石头: 2271
呼符: 0
体力: 17908.833333333332 / 138
友情点: 0 / 467010`
_2024-06-13 04:32:47_
--------
*6abaffb5ee5ceaf2dd7ed98b206d749f*
`登陆天数: 21天 / 659天
等级: 130
石头: 2588
呼符: 10
体力: 30.599999999999994 / 138
友情点: 0 / 452815`
_2024-06-13 04:32:55_
--------
*f63a615d55b52038a51b0dc3bdadc06a*
`登陆天数: 21天 / 658天
等级: 130
石头: 3911
呼符: 10
体力: 30.573333333333338 / 138
友情点: 0 / 441020`
_2024-06-13 04:33:03_
--------
