【登录信息】
*e7d128cc392dee579676b48fe9dad40e*
`登陆天数: 22天 / 659天
等级: 130
石头: 3695
呼符: 10
体力: 27.61333333333333 / 138
友情点: 0 / 441180`
_2024-06-14 04:31:14_
--------
*911b2edc9f0a6352a69874840dee0d61*
`登陆天数: 16天 / 657天
等级: 130
石头: 2747
呼符: 0
体力: 18196.543333333335 / 138
友情点: 0 / 469565`
_2024-06-14 04:31:22_
--------
*32f66d60569f4040d930610ec2d43273*
`登陆天数: 22天 / 659天
等级: 130
石头: 4065
呼符: 321
体力: 30.269999999999996 / 138
友情点: 0 / 442980`
_2024-06-14 04:31:30_
--------
*786d1d2e9f0942360cba24b47db52490*
`登陆天数: 22天 / 659天
等级: 130
石头: 3217
呼符: 10
体力: 27.989999999999995 / 138
友情点: 0 / 435000`
_2024-06-14 04:31:37_
--------
*6162d018cc4f591e6d1cb3e2ef8191d1*
`登陆天数: 22天 / 660天
等级: 130
石头: 3899
呼符: 10
体力: 27.959999999999994 / 138
友情点: 0 / 434290`
_2024-06-14 04:31:45_
--------
*646195caefa28ade965b91c400057f01*
`登陆天数: 22天 / 659天
等级: 130
石头: 1860
呼符: 10
体力: 27.933333333333337 / 138
友情点: 0 / 477900`
_2024-06-14 04:31:52_
--------
*3d5a228f1082bc550818e18f7971fe57*
`登陆天数: 22天 / 660天
等级: 130
石头: 2271
呼符: 0
体力: 18196.676666666666 / 138
友情点: 0 / 467010`
_2024-06-14 04:32:00_
--------
*6abaffb5ee5ceaf2dd7ed98b206d749f*
`登陆天数: 22天 / 660天
等级: 130
石头: 2588
呼符: 10
体力: 30.423333333333332 / 138
友情点: 0 / 454815`
_2024-06-14 04:32:08_
--------
*f63a615d55b52038a51b0dc3bdadc06a*
`登陆天数: 22天 / 659天
等级: 130
石头: 3911
呼符: 10
体力: 30.400000000000006 / 138
友情点: 0 / 437020`
_2024-06-14 04:32:16_
--------
