【登录信息】
*e7d128cc392dee579676b48fe9dad40e*
`登陆天数: 23天 / 660天
等级: 130
石头: 3696
呼符: 10
体力: 28.709999999999994 / 138
友情点: 0 / 435180`
_2024-06-15 04:34:52_
--------
*911b2edc9f0a6352a69874840dee0d61*
`登陆天数: 17天 / 658天
等级: 130
石头: 2747
呼符: 0
体力: 18485.273333333334 / 138
友情点: 0 / 469565`
_2024-06-15 04:35:00_
--------
*32f66d60569f4040d930610ec2d43273*
`登陆天数: 23天 / 660天
等级: 130
石头: 4066
呼符: 321
体力: 31.173333333333332 / 138
友情点: 0 / 436980`
_2024-06-15 04:35:08_
--------
*786d1d2e9f0942360cba24b47db52490*
`登陆天数: 23天 / 660天
等级: 130
石头: 3218
呼符: 10
体力: 28.926666666666662 / 138
友情点: 0 / 431000`
_2024-06-15 04:35:16_
--------
*6162d018cc4f591e6d1cb3e2ef8191d1*
`登陆天数: 23天 / 661天
等级: 130
石头: 3900
呼符: 10
体力: 28.900000000000006 / 138
友情点: 0 / 428290`
_2024-06-15 04:35:25_
--------
*646195caefa28ade965b91c400057f01*
`登陆天数: 23天 / 660天
等级: 130
石头: 1861
呼符: 10
体力: 28.879999999999995 / 138
友情点: 0 / 477900`
_2024-06-15 04:35:33_
--------
*3d5a228f1082bc550818e18f7971fe57*
`登陆天数: 23天 / 661天
等级: 130
石头: 2271
呼符: 0
体力: 18485.413333333334 / 138
友情点: 0 / 467010`
_2024-06-15 04:35:41_
--------
*6abaffb5ee5ceaf2dd7ed98b206d749f*
`登陆天数: 23天 / 661天
等级: 130
石头: 2589
呼符: 10
体力: 31.33333333333333 / 138
友情点: 0 / 454815`
_2024-06-15 04:35:50_
--------
*f63a615d55b52038a51b0dc3bdadc06a*
`登陆天数: 23天 / 660天
等级: 130
石头: 3912
呼符: 10
体力: 31.306666666666672 / 138
友情点: 0 / 431020`
_2024-06-15 04:35:58_
--------
