【登录信息】
*e7d128cc392dee579676b48fe9dad40e*
`登陆天数: 24天 / 661天
等级: 130
石头: 3696
呼符: 10
体力: 27.450000000000003 / 138
友情点: 0 / 429180`
_2024-06-16 04:29:56_
--------
*911b2edc9f0a6352a69874840dee0d61*
`登陆天数: 18天 / 659天
等级: 130
石头: 2747
呼符: 0
体力: 18772.286666666667 / 138
友情点: 0 / 469565`
_2024-06-16 04:30:04_
--------
*32f66d60569f4040d930610ec2d43273*
`登陆天数: 24天 / 661天
等级: 130
石头: 4066
呼符: 321
体力: 30.060000000000002 / 138
友情点: 0 / 430980`
_2024-06-16 04:30:12_
--------
*786d1d2e9f0942360cba24b47db52490*
`登陆天数: 24天 / 661天
等级: 130
石头: 3218
呼符: 10
体力: 27.61666666666666 / 138
友情点: 0 / 431000`
_2024-06-16 04:30:20_
--------
*6162d018cc4f591e6d1cb3e2ef8191d1*
`登陆天数: 24天 / 662天
等级: 130
石头: 3900
呼符: 10
体力: 27.590000000000003 / 138
友情点: 0 / 422290`
_2024-06-16 04:30:28_
--------
*646195caefa28ade965b91c400057f01*
`登陆天数: 24天 / 661天
等级: 130
石头: 1861
呼符: 10
体力: 27.556666666666672 / 138
友情点: 0 / 477900`
_2024-06-16 04:30:36_
--------
*3d5a228f1082bc550818e18f7971fe57*
`登陆天数: 24天 / 662天
等级: 130
石头: 2271
呼符: 0
体力: 18772.423333333332 / 138
友情点: 0 / 467010`
_2024-06-16 04:30:44_
--------
*6abaffb5ee5ceaf2dd7ed98b206d749f*
`登陆天数: 24天 / 662天
等级: 130
石头: 2589
呼符: 10
体力: 30.196666666666673 / 138
友情点: 0 / 454815`
_2024-06-16 04:30:52_
--------
*f63a615d55b52038a51b0dc3bdadc06a*
`登陆天数: 24天 / 661天
等级: 130
石头: 3912
呼符: 10
体力: 30.16666666666667 / 138
友情点: 0 / 425020`
_2024-06-16 04:31:00_
--------
