【登录信息】
*e7d128cc392dee579676b48fe9dad40e*
`登陆天数: 25天 / 662天
等级: 130
石头: 3697
呼符: 10
体力: 27.976666666666674 / 138
友情点: 0 / 423180`
_2024-06-17 04:33:53_
--------
*911b2edc9f0a6352a69874840dee0d61*
`登陆天数: 19天 / 660天
等级: 130
石头: 2747
呼符: 0
体力: 19061.076666666668 / 138
友情点: 0 / 469565`
_2024-06-17 04:34:01_
--------
*32f66d60569f4040d930610ec2d43273*
`登陆天数: 25天 / 662天
等级: 130
石头: 4067
呼符: 321
体力: 30.5 / 138
友情点: 0 / 424980`
_2024-06-17 04:34:10_
--------
*786d1d2e9f0942360cba24b47db52490*
`登陆天数: 25天 / 662天
等级: 130
石头: 3219
呼符: 10
体力: 28.0 / 138
友情点: 0 / 431000`
_2024-06-17 04:34:17_
--------
*6162d018cc4f591e6d1cb3e2ef8191d1*
`登陆天数: 25天 / 663天
等级: 130
石头: 3901
呼符: 10
体力: 27.97333333333333 / 138
友情点: 0 / 416290`
_2024-06-17 04:34:25_
--------
*646195caefa28ade965b91c400057f01*
`登陆天数: 25天 / 662天
等级: 130
石头: 1862
呼符: 10
体力: 27.946666666666673 / 138
友情点: 0 / 477900`
_2024-06-17 04:34:34_
--------
*3d5a228f1082bc550818e18f7971fe57*
`登陆天数: 25天 / 663天
等级: 130
石头: 2271
呼符: 0
体力: 19061.213333333333 / 138
友情点: 0 / 467010`
_2024-06-17 04:34:42_
--------
*6abaffb5ee5ceaf2dd7ed98b206d749f*
`登陆天数: 25天 / 663天
等级: 130
石头: 2590
呼符: 10
体力: 30.659999999999997 / 138
友情点: 0 / 454815`
_2024-06-17 04:34:50_
--------
*f63a615d55b52038a51b0dc3bdadc06a*
`登陆天数: 25天 / 662天
等级: 130
石头: 3913
呼符: 10
体力: 30.629999999999995 / 138
友情点: 0 / 419020`
_2024-06-17 04:34:58_
--------
