【登录信息】
*e7d128cc392dee579676b48fe9dad40e*
`登陆天数: 26天 / 663天
等级: 130
石头: 3697
呼符: 10
体力: 27.273333333333326 / 138
友情点: 0 / 417180`
_2024-06-18 04:30:50_
--------
*911b2edc9f0a6352a69874840dee0d61*
`登陆天数: 20天 / 661天
等级: 130
石头: 2747
呼符: 0
体力: 19348.463333333333 / 138
友情点: 0 / 469565`
_2024-06-18 04:30:58_
--------
*32f66d60569f4040d930610ec2d43273*
`登陆天数: 26天 / 663天
等级: 130
石头: 4067
呼符: 321
体力: 29.78 / 138
友情点: 0 / 418980`
_2024-06-18 04:31:06_
--------
*786d1d2e9f0942360cba24b47db52490*
`登陆天数: 26天 / 663天
等级: 130
石头: 3219
呼符: 10
体力: 27.346666666666664 / 138
友情点: 0 / 431000`
_2024-06-18 04:31:13_
--------
*6162d018cc4f591e6d1cb3e2ef8191d1*
`登陆天数: 26天 / 664天
等级: 130
石头: 3901
呼符: 10
体力: 27.319999999999993 / 138
友情点: 0 / 410290`
_2024-06-18 04:31:21_
--------
*646195caefa28ade965b91c400057f01*
`登陆天数: 26天 / 663天
等级: 130
石头: 1862
呼符: 10
体力: 27.290000000000006 / 138
友情点: 0 / 477900`
_2024-06-18 04:31:29_
--------
*3d5a228f1082bc550818e18f7971fe57*
`登陆天数: 26天 / 664天
等级: 130
石头: 2271
呼符: 0
体力: 19348.6 / 138
友情点: 0 / 467010`
_2024-06-18 04:31:37_
--------
*6abaffb5ee5ceaf2dd7ed98b206d749f*
`登陆天数: 26天 / 664天
等级: 130
石头: 2590
呼符: 10
体力: 29.99666666666667 / 138
友情点: 0 / 454815`
_2024-06-18 04:31:45_
--------
*f63a615d55b52038a51b0dc3bdadc06a*
`登陆天数: 26天 / 663天
等级: 130
石头: 3913
呼符: 10
体力: 29.97333333333333 / 138
友情点: 0 / 413020`
_2024-06-18 04:31:53_
--------
