【登录信息】
*e7d128cc392dee579676b48fe9dad40e*
`登陆天数: 28天 / 665天
等级: 130
石头: 3705
呼符: 11
体力: 27.22333333333333 / 138
友情点: 0 / 415180`
_2024-06-20 04:29:42_
--------
*911b2edc9f0a6352a69874840dee0d61*
`登陆天数: 22天 / 663天
等级: 130
石头: 2747
呼符: 0
体力: 19924.24 / 138
友情点: 0 / 469565`
_2024-06-20 04:29:50_
--------
*32f66d60569f4040d930610ec2d43273*
`登陆天数: 28天 / 665天
等级: 130
石头: 4075
呼符: 322
体力: 29.89333333333333 / 138
友情点: 0 / 406980`
_2024-06-20 04:29:58_
--------
*786d1d2e9f0942360cba24b47db52490*
`登陆天数: 28天 / 665天
等级: 130
石头: 3227
呼符: 11
体力: 27.406666666666666 / 138
友情点: 0 / 431000`
_2024-06-20 04:30:06_
--------
*6162d018cc4f591e6d1cb3e2ef8191d1*
`登陆天数: 28天 / 666天
等级: 130
石头: 3909
呼符: 11
体力: 27.38333333333334 / 138
友情点: 0 / 398290`
_2024-06-20 04:30:15_
--------
*646195caefa28ade965b91c400057f01*
`登陆天数: 28天 / 665天
等级: 130
石头: 1870
呼符: 11
体力: 27.35333333333334 / 138
友情点: 0 / 477900`
_2024-06-20 04:30:23_
--------
*3d5a228f1082bc550818e18f7971fe57*
`登陆天数: 28天 / 666天
等级: 130
石头: 2271
呼符: 0
体力: 19924.38 / 138
友情点: 0 / 467010`
_2024-06-20 04:30:31_
--------
*6abaffb5ee5ceaf2dd7ed98b206d749f*
`登陆天数: 28天 / 666天
等级: 130
石头: 2598
呼符: 11
体力: 30.13666666666667 / 138
友情点: 0 / 454815`
_2024-06-20 04:30:40_
--------
*f63a615d55b52038a51b0dc3bdadc06a*
`登陆天数: 28天 / 665天
等级: 130
石头: 3921
呼符: 11
体力: 30.10666666666667 / 138
友情点: 0 / 403020`
_2024-06-20 04:30:48_
--------
