【登录信息】
*e7d128cc392dee579676b48fe9dad40e*
`登陆天数: 29天 / 666天
等级: 130
石头: 3705
呼符: 11
体力: 27.296666666666667 / 138
友情点: 0 / 417180`
_2024-06-21 04:31:09_
--------
*911b2edc9f0a6352a69874840dee0d61*
`登陆天数: 23天 / 664天
等级: 130
石头: 2747
呼符: 0
体力: 20212.53 / 138
友情点: 0 / 469565`
_2024-06-21 04:31:17_
--------
*32f66d60569f4040d930610ec2d43273*
`登陆天数: 29天 / 666天
等级: 130
石头: 4075
呼符: 322
体力: 29.89 / 138
友情点: 0 / 402980`
_2024-06-21 04:31:25_
--------
*786d1d2e9f0942360cba24b47db52490*
`登陆天数: 29天 / 666天
等级: 130
石头: 3227
呼符: 11
体力: 27.549999999999997 / 138
友情点: 0 / 433000`
_2024-06-21 04:31:33_
--------
*6162d018cc4f591e6d1cb3e2ef8191d1*
`登陆天数: 29天 / 667天
等级: 130
石头: 3909
呼符: 11
体力: 27.52666666666667 / 138
友情点: 0 / 396290`
_2024-06-21 04:31:41_
--------
*646195caefa28ade965b91c400057f01*
`登陆天数: 29天 / 666天
等级: 130
石头: 1870
呼符: 11
体力: 27.5 / 138
友情点: 0 / 479900`
_2024-06-21 04:31:48_
--------
*3d5a228f1082bc550818e18f7971fe57*
`登陆天数: 29天 / 667天
等级: 130
石头: 2271
呼符: 0
体力: 20212.663333333334 / 138
友情点: 0 / 467010`
_2024-06-21 04:31:56_
--------
*6abaffb5ee5ceaf2dd7ed98b206d749f*
`登陆天数: 29天 / 667天
等级: 130
石头: 2598
呼符: 11
体力: 30.03 / 138
友情点: 0 / 456815`
_2024-06-21 04:32:04_
--------
*f63a615d55b52038a51b0dc3bdadc06a*
`登陆天数: 29天 / 666天
等级: 130
石头: 3921
呼符: 11
体力: 30.00666666666666 / 138
友情点: 0 / 405020`
_2024-06-21 04:32:12_
--------
