【登录信息】
*e7d128cc392dee579676b48fe9dad40e*
`登陆天数: 30天 / 667天
等级: 130
石头: 3706
呼符: 12
体力: 26.953333333333333 / 138
友情点: 0 / 417180`
_2024-06-22 04:29:24_
--------
*911b2edc9f0a6352a69874840dee0d61*
`登陆天数: 24天 / 665天
等级: 130
石头: 2747
呼符: 0
体力: 20500.18 / 138
友情点: 0 / 469565`
_2024-06-22 04:29:32_
--------
*32f66d60569f4040d930610ec2d43273*
`登陆天数: 30天 / 667天
等级: 130
石头: 4076
呼符: 323
体力: 29.5 / 138
友情点: 0 / 396980`
_2024-06-22 04:29:40_
--------
*786d1d2e9f0942360cba24b47db52490*
`登陆天数: 30天 / 667天
等级: 130
石头: 3228
呼符: 12
体力: 27.200000000000003 / 138
友情点: 0 / 433000`
_2024-06-22 04:29:47_
--------
*6162d018cc4f591e6d1cb3e2ef8191d1*
`登陆天数: 30天 / 668天
等级: 130
石头: 3910
呼符: 12
体力: 27.176666666666662 / 138
友情点: 0 / 396290`
_2024-06-22 04:29:54_
--------
*646195caefa28ade965b91c400057f01*
`登陆天数: 30天 / 667天
等级: 130
石头: 1871
呼符: 12
体力: 27.153333333333336 / 138
友情点: 0 / 479900`
_2024-06-22 04:30:02_
--------
*3d5a228f1082bc550818e18f7971fe57*
`登陆天数: 30天 / 668天
等级: 130
石头: 2271
呼符: 0
体力: 20500.31333333333 / 138
友情点: 0 / 467010`
_2024-06-22 04:30:11_
--------
*6abaffb5ee5ceaf2dd7ed98b206d749f*
`登陆天数: 30天 / 668天
等级: 130
石头: 2599
呼符: 12
体力: 29.64333333333333 / 138
友情点: 0 / 456815`
_2024-06-22 04:30:19_
--------
*f63a615d55b52038a51b0dc3bdadc06a*
`登陆天数: 30天 / 667天
等级: 130
石头: 3922
呼符: 12
体力: 29.620000000000005 / 138
友情点: 0 / 405020`
_2024-06-22 04:30:27_
--------
