【登录信息】
*e7d128cc392dee579676b48fe9dad40e*
`登陆天数: 32天 / 669天
等级: 130
石头: 3708
呼符: 12
体力: 27.75 / 138
友情点: 0 / 417180`
_2024-06-24 04:31:12_
--------
*911b2edc9f0a6352a69874840dee0d61*
`登陆天数: 26天 / 667天
等级: 130
石头: 2747
呼符: 0
体力: 21076.54 / 138
友情点: 0 / 469565`
_2024-06-24 04:31:20_
--------
*32f66d60569f4040d930610ec2d43273*
`登陆天数: 32天 / 669天
等级: 130
石头: 4078
呼符: 323
体力: 30.28333333333333 / 138
友情点: 0 / 384980`
_2024-06-24 04:31:29_
--------
*786d1d2e9f0942360cba24b47db52490*
`登陆天数: 32天 / 669天
等级: 130
石头: 3230
呼符: 12
体力: 26.60666666666667 / 138
友情点: 0 / 433000`
_2024-06-24 04:31:37_
--------
*6162d018cc4f591e6d1cb3e2ef8191d1*
`登陆天数: 32天 / 670天
等级: 130
石头: 3912
呼符: 12
体力: 26.576666666666668 / 138
友情点: 0 / 396290`
_2024-06-24 04:31:45_
--------
*646195caefa28ade965b91c400057f01*
`登陆天数: 32天 / 669天
等级: 130
石头: 1873
呼符: 12
体力: 26.549999999999997 / 138
友情点: 0 / 479900`
_2024-06-24 04:31:54_
--------
*3d5a228f1082bc550818e18f7971fe57*
`登陆天数: 32天 / 670天
等级: 130
石头: 2271
呼符: 0
体力: 21076.68 / 138
友情点: 0 / 467010`
_2024-06-24 04:32:02_
--------
*6abaffb5ee5ceaf2dd7ed98b206d749f*
`登陆天数: 32天 / 670天
等级: 130
石头: 2601
呼符: 12
体力: 30.436666666666667 / 138
友情点: 0 / 456815`
_2024-06-24 04:32:10_
--------
*f63a615d55b52038a51b0dc3bdadc06a*
`登陆天数: 32天 / 669天
等级: 130
石头: 3924
呼符: 12
体力: 30.406666666666666 / 138
友情点: 0 / 405020`
_2024-06-24 04:32:18_
--------
