【登录信息】
*e7d128cc392dee579676b48fe9dad40e*
`登陆天数: 33天 / 670天
等级: 130
石头: 3708
呼符: 13
体力: 27.686666666666667 / 138
友情点: 0 / 417180`
_2024-06-25 04:31:12_
--------
*911b2edc9f0a6352a69874840dee0d61*
`登陆天数: 27天 / 668天
等级: 130
石头: 2747
呼符: 0
体力: 21364.536666666667 / 138
友情点: 0 / 469565`
_2024-06-25 04:31:19_
--------
*32f66d60569f4040d930610ec2d43273*
`登陆天数: 33天 / 670天
等级: 130
石头: 4078
呼符: 324
体力: 30.176666666666662 / 138
友情点: 0 / 378980`
_2024-06-25 04:31:28_
--------
*786d1d2e9f0942360cba24b47db52490*
`登陆天数: 33天 / 670天
等级: 130
石头: 3230
呼符: 13
体力: 27.873333333333335 / 138
友情点: 0 / 433000`
_2024-06-25 04:31:35_
--------
*6162d018cc4f591e6d1cb3e2ef8191d1*
`登陆天数: 33天 / 671天
等级: 130
石头: 3912
呼符: 13
体力: 27.849999999999994 / 138
友情点: 0 / 396290`
_2024-06-25 04:31:43_
--------
*646195caefa28ade965b91c400057f01*
`登陆天数: 33天 / 670天
等级: 130
石头: 1873
呼符: 13
体力: 27.823333333333338 / 138
友情点: 0 / 479900`
_2024-06-25 04:31:51_
--------
*3d5a228f1082bc550818e18f7971fe57*
`登陆天数: 33天 / 671天
等级: 130
石头: 2271
呼符: 0
体力: 21364.67 / 138
友情点: 0 / 467010`
_2024-06-25 04:31:59_
--------
*6abaffb5ee5ceaf2dd7ed98b206d749f*
`登陆天数: 33天 / 671天
等级: 130
石头: 2601
呼符: 13
体力: 30.349999999999994 / 138
友情点: 0 / 456815`
_2024-06-25 04:32:07_
--------
*f63a615d55b52038a51b0dc3bdadc06a*
`登陆天数: 33天 / 670天
等级: 130
石头: 3924
呼符: 13
体力: 30.319999999999993 / 138
友情点: 0 / 405020`
_2024-06-25 04:32:15_
--------
