【登录信息】
*e7d128cc392dee579676b48fe9dad40e*
`登陆天数: 34天 / 671天
等级: 130
石头: 3711
呼符: 13
体力: 27.63333333333334 / 138
友情点: 0 / 417180`
_2024-06-26 04:32:31_
--------
*911b2edc9f0a6352a69874840dee0d61*
`登陆天数: 28天 / 669天
等级: 130
石头: 2747
呼符: 0
体力: 21652.803333333333 / 138
友情点: 0 / 469565`
_2024-06-26 04:32:39_
--------
*32f66d60569f4040d930610ec2d43273*
`登陆天数: 34天 / 671天
等级: 130
石头: 4081
呼符: 324
体力: 30.040000000000006 / 138
友情点: 0 / 372980`
_2024-06-26 04:32:47_
--------
*786d1d2e9f0942360cba24b47db52490*
`登陆天数: 34天 / 671天
等级: 130
石头: 3233
呼符: 13
体力: 27.956666666666663 / 138
友情点: 0 / 433000`
_2024-06-26 04:32:55_
--------
*6162d018cc4f591e6d1cb3e2ef8191d1*
`登陆天数: 34天 / 672天
等级: 130
石头: 3915
呼符: 13
体力: 27.936666666666667 / 138
友情点: 0 / 396290`
_2024-06-26 04:33:04_
--------
*646195caefa28ade965b91c400057f01*
`登陆天数: 34天 / 671天
等级: 130
石头: 1876
呼符: 13
体力: 27.909999999999997 / 138
友情点: 0 / 479900`
_2024-06-26 04:33:12_
--------
*3d5a228f1082bc550818e18f7971fe57*
`登陆天数: 34天 / 672天
等级: 130
石头: 2271
呼符: 0
体力: 21652.943333333333 / 138
友情点: 0 / 467010`
_2024-06-26 04:33:20_
--------
*6abaffb5ee5ceaf2dd7ed98b206d749f*
`登陆天数: 34天 / 672天
等级: 130
石头: 2604
呼符: 13
体力: 30.486666666666665 / 138
友情点: 0 / 456815`
_2024-06-26 04:33:29_
--------
*f63a615d55b52038a51b0dc3bdadc06a*
`登陆天数: 34天 / 671天
等级: 130
石头: 3927
呼符: 13
体力: 30.453333333333333 / 138
友情点: 0 / 405020`
_2024-06-26 04:33:37_
--------
