【登录信息】
*e7d128cc392dee579676b48fe9dad40e*
`登陆天数: 37天 / 674天
等级: 130
石头: 3731
呼符: 14
体力: 28.019999999999996 / 138
友情点: 0 / 419180`
_2024-06-29 04:33:24_
--------
*911b2edc9f0a6352a69874840dee0d61*
`登陆天数: 31天 / 672天
等级: 130
石头: 2747
呼符: 0
体力: 22516.976666666666 / 138
友情点: 0 / 469565`
_2024-06-29 04:33:32_
--------
*32f66d60569f4040d930610ec2d43273*
`登陆天数: 37天 / 674天
等级: 130
石头: 4111
呼符: 325
体力: 30.426666666666662 / 138
友情点: 0 / 356980`
_2024-06-29 04:33:40_
--------
*786d1d2e9f0942360cba24b47db52490*
`登陆天数: 37天 / 674天
等级: 130
石头: 3253
呼符: 14
体力: 28.14333333333333 / 138
友情点: 0 / 435000`
_2024-06-29 04:33:47_
--------
*6162d018cc4f591e6d1cb3e2ef8191d1*
`登陆天数: 37天 / 675天
等级: 130
石头: 3935
呼符: 14
体力: 28.120000000000005 / 138
友情点: 0 / 398290`
_2024-06-29 04:33:55_
--------
*646195caefa28ade965b91c400057f01*
`登陆天数: 37天 / 674天
等级: 130
石头: 1896
呼符: 14
体力: 28.093333333333334 / 138
友情点: 0 / 481900`
_2024-06-29 04:34:02_
--------
*3d5a228f1082bc550818e18f7971fe57*
`登陆天数: 37天 / 675天
等级: 130
石头: 2271
呼符: 0
体力: 22517.106666666667 / 138
友情点: 0 / 467010`
_2024-06-29 04:34:10_
--------
*6abaffb5ee5ceaf2dd7ed98b206d749f*
`登陆天数: 37天 / 675天
等级: 130
石头: 2624
呼符: 14
体力: 30.543333333333337 / 138
友情点: 0 / 458815`
_2024-06-29 04:34:18_
--------
*f63a615d55b52038a51b0dc3bdadc06a*
`登陆天数: 37天 / 674天
等级: 130
石头: 3947
呼符: 14
体力: 30.513333333333335 / 138
友情点: 0 / 407020`
_2024-06-29 04:34:25_
--------
